# JRE version: OpenJDK Runtime Environment (11.0.10) (build 11.0.10+0-b96-7249189)
# Java VM: OpenJDK 64-Bit Server VM (11.0.10+0-b96-7249189, mixed mode, tiered, compressed oops, g1 gc, windows-amd64)
Heap:
 garbage-first heap   total 129024K, used 33294K [0x0000000080000000, 0x0000000100000000)
  region size 1024K, 12 young (12288K), 7 survivors (7168K)
 Metaspace       used 45269K, capacity 46440K, committed 46464K, reserved 1089536K
  class space    used 5823K, capacity 6259K, committed 6272K, reserved 1048576K
GC Heap History (16 events):
Event: 0.857 GC heap before
{Heap before GC invocations=0 (full 0):
 garbage-first heap   total 129024K, used 29696K [0x0000000080000000, 0x0000000100000000)
  region size 1024K, 24 young (24576K), 0 survivors (0K)
 Metaspace       used 9795K, capacity 9986K, committed 10112K, reserved 1058816K
  class space    used 1022K, capacity 1102K, committed 1152K, reserved 1048576K
}
Event: 0.863 GC heap after
{Heap after GC invocations=1 (full 0):
 garbage-first heap   total 129024K, used 8936K [0x0000000080000000, 0x0000000100000000)
  region size 1024K, 3 young (3072K), 3 survivors (3072K)
 Metaspace       used 9795K, capacity 9986K, committed 10112K, reserved 1058816K
  class space    used 1022K, capacity 1102K, committed 1152K, reserved 1048576K
}
Event: 2.574 GC heap before
{Heap before GC invocations=1 (full 0):
 garbage-first heap   total 129024K, used 82664K [0x0000000080000000, 0x0000000100000000)
  region size 1024K, 75 young (76800K), 3 survivors (3072K)
 Metaspace       used 17735K, capacity 18155K, committed 18432K, reserved 1064960K
  class space    used 2101K, capacity 2238K, committed 2304K, reserved 1048576K
}
Event: 2.583 GC heap after
{Heap after GC invocations=2 (full 0):
 garbage-first heap   total 129024K, used 16384K [0x0000000080000000, 0x0000000100000000)
  region size 1024K, 10 young (10240K), 10 survivors (10240K)
 Metaspace       used 17735K, capacity 18155K, committed 18432K, reserved 1064960K
  class space    used 2101K, capacity 2238K, committed 2304K, reserved 1048576K
}
Event: 3.468 GC heap before
{Heap before GC invocations=2 (full 0):
 garbage-first heap   total 129024K, used 38912K [0x0000000080000000, 0x0000000100000000)
  region size 1024K, 33 young (33792K), 10 survivors (10240K)
 Metaspace       used 20612K, capacity 21118K, committed 21248K, reserved 1067008K
  class space    used 2520K, capacity 2720K, committed 2816K, reserved 1048576K
}
Event: 3.486 GC heap after
{Heap after GC invocations=3 (full 0):
 garbage-first heap   total 129024K, used 16868K [0x0000000080000000, 0x0000000100000000)
  region size 1024K, 1 young (1024K), 1 survivors (1024K)
 Metaspace       used 20612K, capacity 21118K, committed 21248K, reserved 1067008K
  class space    used 2520K, capacity 2720K, committed 2816K, reserved 1048576K
}
Event: 4.942 GC heap before
{Heap before GC invocations=4 (full 0):
 garbage-first heap   total 129024K, used 64996K [0x0000000080000000, 0x0000000100000000)
  region size 1024K, 49 young (50176K), 1 survivors (1024K)
 Metaspace       used 25588K, capacity 26194K, committed 26368K, reserved 1073152K
  class space    used 3351K, capacity 3566K, committed 3584K, reserved 1048576K
}
Event: 4.945 GC heap after
{Heap after GC invocations=5 (full 0):
 garbage-first heap   total 129024K, used 18434K [0x0000000080000000, 0x0000000100000000)
  region size 1024K, 3 young (3072K), 3 survivors (3072K)
 Metaspace       used 25588K, capacity 26194K, committed 26368K, reserved 1073152K
  class space    used 3351K, capacity 3566K, committed 3584K, reserved 1048576K
}
Event: 8.087 GC heap before
{Heap before GC invocations=5 (full 0):
 garbage-first heap   total 129024K, used 72706K [0x0000000080000000, 0x0000000100000000)
  region size 1024K, 56 young (57344K), 3 survivors (3072K)
 Metaspace       used 32493K, capacity 33274K, committed 33536K, reserved 1079296K
  class space    used 4237K, capacity 4544K, committed 4608K, reserved 1048576K
}
Event: 8.093 GC heap after
{Heap after GC invocations=6 (full 0):
 garbage-first heap   total 129024K, used 21179K [0x0000000080000000, 0x0000000100000000)
  region size 1024K, 6 young (6144K), 6 survivors (6144K)
 Metaspace       used 32493K, capacity 33274K, committed 33536K, reserved 1079296K
  class space    used 4237K, capacity 4544K, committed 4608K, reserved 1048576K
}
Event: 10.134 GC heap before
{Heap before GC invocations=6 (full 0):
 garbage-first heap   total 129024K, used 27323K [0x0000000080000000, 0x0000000100000000)
  region size 1024K, 14 young (14336K), 6 survivors (6144K)
 Metaspace       used 35068K, capacity 35831K, committed 35840K, reserved 1081344K
  class space    used 4544K, capacity 4864K, committed 4864K, reserved 1048576K
}
Event: 10.147 GC heap after
{Heap after GC invocations=7 (full 0):
 garbage-first heap   total 129024K, used 22200K [0x0000000080000000, 0x0000000100000000)
  region size 1024K, 4 young (4096K), 4 survivors (4096K)
 Metaspace       used 35068K, capacity 35831K, committed 35840K, reserved 1081344K
  class space    used 4544K, capacity 4864K, committed 4864K, reserved 1048576K
}
Event: 12.279 GC heap before
{Heap before GC invocations=8 (full 0):
 garbage-first heap   total 129024K, used 84664K [0x0000000080000000, 0x0000000100000000)
  region size 1024K, 63 young (64512K), 4 survivors (4096K)
 Metaspace       used 39354K, capacity 40268K, committed 40448K, reserved 1085440K
  class space    used 5032K, capacity 5357K, committed 5376K, reserved 1048576K
}
Event: 12.290 GC heap after
{Heap after GC invocations=9 (full 0):
 garbage-first heap   total 129024K, used 27091K [0x0000000080000000, 0x0000000100000000)
  region size 1024K, 8 young (8192K), 8 survivors (8192K)
 Metaspace       used 39354K, capacity 40268K, committed 40448K, reserved 1085440K
  class space    used 5032K, capacity 5357K, committed 5376K, reserved 1048576K
}
Event: 15.526 GC heap before
{Heap before GC invocations=9 (full 0):
 garbage-first heap   total 129024K, used 87507K [0x0000000080000000, 0x0000000100000000)
  region size 1024K, 67 young (68608K), 8 survivors (8192K)
 Metaspace       used 44827K, capacity 45939K, committed 46208K, reserved 1089536K
  class space    used 5767K, capacity 6178K, committed 6272K, reserved 1048576K
}
Event: 15.548 GC heap after
{Heap after GC invocations=10 (full 0):
 garbage-first heap   total 129024K, used 29198K [0x0000000080000000, 0x0000000100000000)
  region size 1024K, 7 young (7168K), 7 survivors (7168K)
 Metaspace       used 44827K, capacity 45939K, committed 46208K, reserved 1089536K
  class space    used 5767K, capacity 6178K, committed 6272K, reserved 1048576K
}

